<?xml version="1.0" encoding="utf-8"?><testsuites name="pytest tests"><testsuite name="pytest" errors="0" failures="0" skipped="0" tests="9" time="2.891" timestamp="2026-03-19T15:55:45.283045+00:00" hostname="agent-env-488aeda2-1188-44f1-bc31-e43f3078ef70"><testcase classname="tests.test_api.TestChannelEndpoints" name="test_get_categories" time="0.307" /><testcase classname="tests.test_api.TestChannelEndpoints" name="test_get_turkish_channels" time="0.133" /><testcase classname="tests.test_api.TestChannelEndpoints" name="test_search_channels" time="0.215" /><testcase classname="tests.test_api.TestChannelEndpoints" name="test_channels_pagination" time="0.198" /><testcase classname="tests.test_api.TestFavoritesFlow" name="test_favorites_flow" time="0.827" /><testcase classname="tests.test_api.TestWatchHistory" name="test_history_flow" time="0.224" /><testcase classname="tests.test_api.TestPlaylists" name="test_get_playlists" time="0.111" /><testcase classname="tests.test_api.TestVavooResolver" name="test_resolve_channel" time="0.681" /><testcase classname="tests.test_api.TestVavooResolver" name="test_resolve_missing_url" time="0.114" /></testsuite></testsuites>